ARM GAS  /tmp/ccvsirLi.s 			page 1


   1              		.cpu cortex-m4
   2              		.arch armv7e-m
   3              		.fpu fpv4-sp-d16
   4              		.eabi_attribute 27, 1
   5              		.eabi_attribute 28, 1
   6              		.eabi_attribute 20, 1
   7              		.eabi_attribute 21, 1
   8              		.eabi_attribute 23, 3
   9              		.eabi_attribute 24, 1
  10              		.eabi_attribute 25, 1
  11              		.eabi_attribute 26, 1
  12              		.eabi_attribute 30, 4
  13              		.eabi_attribute 34, 1
  14              		.eabi_attribute 18, 4
  15              		.file	"system_stm32g4xx.c"
  16              		.text
  17              	.Ltext0:
  18              		.cfi_sections	.debug_frame
  19              		.file 1 "./Src/Drivers/CMSIS/Device/ST/STM32G4xx/Source/Templates/system_stm32g4xx.c"
  20              		.section	.text.SystemInit,"ax",%progbits
  21              		.align	1
  22              		.global	SystemInit
  23              		.syntax unified
  24              		.thumb
  25              		.thumb_func
  27              	SystemInit:
  28              		.fnstart
  29              	.LFB132:
   1:./Src/Drivers/CMSIS/Device/ST/STM32G4xx/Source/Templates/system_stm32g4xx.c **** /**
   2:./Src/Drivers/CMSIS/Device/ST/STM32G4xx/Source/Templates/system_stm32g4xx.c ****   ******************************************************************************
   3:./Src/Drivers/CMSIS/Device/ST/STM32G4xx/Source/Templates/system_stm32g4xx.c ****   * @file    system_stm32g4xx.c
   4:./Src/Drivers/CMSIS/Device/ST/STM32G4xx/Source/Templates/system_stm32g4xx.c ****   * @author  MCD Application Team
   5:./Src/Drivers/CMSIS/Device/ST/STM32G4xx/Source/Templates/system_stm32g4xx.c ****   * @brief   CMSIS Cortex-M4 Device Peripheral Access Layer System Source File
   6:./Src/Drivers/CMSIS/Device/ST/STM32G4xx/Source/Templates/system_stm32g4xx.c ****   *
   7:./Src/Drivers/CMSIS/Device/ST/STM32G4xx/Source/Templates/system_stm32g4xx.c ****   *   This file provides two functions and one global variable to be called from
   8:./Src/Drivers/CMSIS/Device/ST/STM32G4xx/Source/Templates/system_stm32g4xx.c ****   *   user application:
   9:./Src/Drivers/CMSIS/Device/ST/STM32G4xx/Source/Templates/system_stm32g4xx.c ****   *      - SystemInit(): This function is called at startup just after reset and
  10:./Src/Drivers/CMSIS/Device/ST/STM32G4xx/Source/Templates/system_stm32g4xx.c ****   *                      before branch to main program. This call is made inside
  11:./Src/Drivers/CMSIS/Device/ST/STM32G4xx/Source/Templates/system_stm32g4xx.c ****   *                      the "startup_stm32g4xx.s" file.
  12:./Src/Drivers/CMSIS/Device/ST/STM32G4xx/Source/Templates/system_stm32g4xx.c ****   *
  13:./Src/Drivers/CMSIS/Device/ST/STM32G4xx/Source/Templates/system_stm32g4xx.c ****   *      - SystemCoreClock variable: Contains the core clock (HCLK), it can be used
  14:./Src/Drivers/CMSIS/Device/ST/STM32G4xx/Source/Templates/system_stm32g4xx.c ****   *                                  by the user application to setup the SysTick
  15:./Src/Drivers/CMSIS/Device/ST/STM32G4xx/Source/Templates/system_stm32g4xx.c ****   *                                  timer or configure other parameters.
  16:./Src/Drivers/CMSIS/Device/ST/STM32G4xx/Source/Templates/system_stm32g4xx.c ****   *
  17:./Src/Drivers/CMSIS/Device/ST/STM32G4xx/Source/Templates/system_stm32g4xx.c ****   *      - SystemCoreClockUpdate(): Updates the variable SystemCoreClock and must
  18:./Src/Drivers/CMSIS/Device/ST/STM32G4xx/Source/Templates/system_stm32g4xx.c ****   *                                 be called whenever the core clock is changed
  19:./Src/Drivers/CMSIS/Device/ST/STM32G4xx/Source/Templates/system_stm32g4xx.c ****   *                                 during program execution.
  20:./Src/Drivers/CMSIS/Device/ST/STM32G4xx/Source/Templates/system_stm32g4xx.c ****   *
  21:./Src/Drivers/CMSIS/Device/ST/STM32G4xx/Source/Templates/system_stm32g4xx.c ****   *   After each device reset the HSI (16 MHz) is used as system clock source.
  22:./Src/Drivers/CMSIS/Device/ST/STM32G4xx/Source/Templates/system_stm32g4xx.c ****   *   Then SystemInit() function is called, in "startup_stm32g4xx.s" file, to
  23:./Src/Drivers/CMSIS/Device/ST/STM32G4xx/Source/Templates/system_stm32g4xx.c ****   *   configure the system clock before to branch to main program.
  24:./Src/Drivers/CMSIS/Device/ST/STM32G4xx/Source/Templates/system_stm32g4xx.c ****   *
  25:./Src/Drivers/CMSIS/Device/ST/STM32G4xx/Source/Templates/system_stm32g4xx.c ****   *   This file configures the system clock as follows:
  26:./Src/Drivers/CMSIS/Device/ST/STM32G4xx/Source/Templates/system_stm32g4xx.c ****   *=============================================================================
  27:./Src/Drivers/CMSIS/Device/ST/STM32G4xx/Source/Templates/system_stm32g4xx.c ****   *-----------------------------------------------------------------------------
  28:./Src/Drivers/CMSIS/Device/ST/STM32G4xx/Source/Templates/system_stm32g4xx.c ****   *        System Clock source                    | HSI
  29:./Src/Drivers/CMSIS/Device/ST/STM32G4xx/Source/Templates/system_stm32g4xx.c ****   *-----------------------------------------------------------------------------
ARM GAS  /tmp/ccvsirLi.s 			page 2


  30:./Src/Drivers/CMSIS/Device/ST/STM32G4xx/Source/Templates/system_stm32g4xx.c ****   *        SYSCLK(Hz)                             | 16000000
  31:./Src/Drivers/CMSIS/Device/ST/STM32G4xx/Source/Templates/system_stm32g4xx.c ****   *-----------------------------------------------------------------------------
  32:./Src/Drivers/CMSIS/Device/ST/STM32G4xx/Source/Templates/system_stm32g4xx.c ****   *        HCLK(Hz)                               | 16000000
  33:./Src/Drivers/CMSIS/Device/ST/STM32G4xx/Source/Templates/system_stm32g4xx.c ****   *-----------------------------------------------------------------------------
  34:./Src/Drivers/CMSIS/Device/ST/STM32G4xx/Source/Templates/system_stm32g4xx.c ****   *        AHB Prescaler                          | 1
  35:./Src/Drivers/CMSIS/Device/ST/STM32G4xx/Source/Templates/system_stm32g4xx.c ****   *-----------------------------------------------------------------------------
  36:./Src/Drivers/CMSIS/Device/ST/STM32G4xx/Source/Templates/system_stm32g4xx.c ****   *        APB1 Prescaler                         | 1
  37:./Src/Drivers/CMSIS/Device/ST/STM32G4xx/Source/Templates/system_stm32g4xx.c ****   *-----------------------------------------------------------------------------
  38:./Src/Drivers/CMSIS/Device/ST/STM32G4xx/Source/Templates/system_stm32g4xx.c ****   *        APB2 Prescaler                         | 1
  39:./Src/Drivers/CMSIS/Device/ST/STM32G4xx/Source/Templates/system_stm32g4xx.c ****   *-----------------------------------------------------------------------------
  40:./Src/Drivers/CMSIS/Device/ST/STM32G4xx/Source/Templates/system_stm32g4xx.c ****   *        PLL_M                                  | 1
  41:./Src/Drivers/CMSIS/Device/ST/STM32G4xx/Source/Templates/system_stm32g4xx.c ****   *-----------------------------------------------------------------------------
  42:./Src/Drivers/CMSIS/Device/ST/STM32G4xx/Source/Templates/system_stm32g4xx.c ****   *        PLL_N                                  | 16
  43:./Src/Drivers/CMSIS/Device/ST/STM32G4xx/Source/Templates/system_stm32g4xx.c ****   *-----------------------------------------------------------------------------
  44:./Src/Drivers/CMSIS/Device/ST/STM32G4xx/Source/Templates/system_stm32g4xx.c ****   *        PLL_P                                  | 7
  45:./Src/Drivers/CMSIS/Device/ST/STM32G4xx/Source/Templates/system_stm32g4xx.c ****   *-----------------------------------------------------------------------------
  46:./Src/Drivers/CMSIS/Device/ST/STM32G4xx/Source/Templates/system_stm32g4xx.c ****   *        PLL_Q                                  | 2
  47:./Src/Drivers/CMSIS/Device/ST/STM32G4xx/Source/Templates/system_stm32g4xx.c ****   *-----------------------------------------------------------------------------
  48:./Src/Drivers/CMSIS/Device/ST/STM32G4xx/Source/Templates/system_stm32g4xx.c ****   *        PLL_R                                  | 2
  49:./Src/Drivers/CMSIS/Device/ST/STM32G4xx/Source/Templates/system_stm32g4xx.c ****   *-----------------------------------------------------------------------------
  50:./Src/Drivers/CMSIS/Device/ST/STM32G4xx/Source/Templates/system_stm32g4xx.c ****   *        Require 48MHz for RNG                  | Disabled
  51:./Src/Drivers/CMSIS/Device/ST/STM32G4xx/Source/Templates/system_stm32g4xx.c ****   *-----------------------------------------------------------------------------
  52:./Src/Drivers/CMSIS/Device/ST/STM32G4xx/Source/Templates/system_stm32g4xx.c ****   *=============================================================================
  53:./Src/Drivers/CMSIS/Device/ST/STM32G4xx/Source/Templates/system_stm32g4xx.c ****   ******************************************************************************
  54:./Src/Drivers/CMSIS/Device/ST/STM32G4xx/Source/Templates/system_stm32g4xx.c ****   * @attention
  55:./Src/Drivers/CMSIS/Device/ST/STM32G4xx/Source/Templates/system_stm32g4xx.c ****   *
  56:./Src/Drivers/CMSIS/Device/ST/STM32G4xx/Source/Templates/system_stm32g4xx.c ****   * Copyright (c) 2019 STMicroelectronics.
  57:./Src/Drivers/CMSIS/Device/ST/STM32G4xx/Source/Templates/system_stm32g4xx.c ****   * All rights reserved.
  58:./Src/Drivers/CMSIS/Device/ST/STM32G4xx/Source/Templates/system_stm32g4xx.c ****   *
  59:./Src/Drivers/CMSIS/Device/ST/STM32G4xx/Source/Templates/system_stm32g4xx.c ****   * This software is licensed under terms that can be found in the LICENSE file
  60:./Src/Drivers/CMSIS/Device/ST/STM32G4xx/Source/Templates/system_stm32g4xx.c ****   * in the root directory of this software component.
  61:./Src/Drivers/CMSIS/Device/ST/STM32G4xx/Source/Templates/system_stm32g4xx.c ****   * If no LICENSE file comes with this software, it is provided AS-IS.
  62:./Src/Drivers/CMSIS/Device/ST/STM32G4xx/Source/Templates/system_stm32g4xx.c ****   *
  63:./Src/Drivers/CMSIS/Device/ST/STM32G4xx/Source/Templates/system_stm32g4xx.c ****   ******************************************************************************
  64:./Src/Drivers/CMSIS/Device/ST/STM32G4xx/Source/Templates/system_stm32g4xx.c ****   */
  65:./Src/Drivers/CMSIS/Device/ST/STM32G4xx/Source/Templates/system_stm32g4xx.c **** 
  66:./Src/Drivers/CMSIS/Device/ST/STM32G4xx/Source/Templates/system_stm32g4xx.c **** /** @addtogroup CMSIS
  67:./Src/Drivers/CMSIS/Device/ST/STM32G4xx/Source/Templates/system_stm32g4xx.c ****   * @{
  68:./Src/Drivers/CMSIS/Device/ST/STM32G4xx/Source/Templates/system_stm32g4xx.c ****   */
  69:./Src/Drivers/CMSIS/Device/ST/STM32G4xx/Source/Templates/system_stm32g4xx.c **** 
  70:./Src/Drivers/CMSIS/Device/ST/STM32G4xx/Source/Templates/system_stm32g4xx.c **** /** @addtogroup stm32g4xx_system
  71:./Src/Drivers/CMSIS/Device/ST/STM32G4xx/Source/Templates/system_stm32g4xx.c ****   * @{
  72:./Src/Drivers/CMSIS/Device/ST/STM32G4xx/Source/Templates/system_stm32g4xx.c ****   */
  73:./Src/Drivers/CMSIS/Device/ST/STM32G4xx/Source/Templates/system_stm32g4xx.c **** 
  74:./Src/Drivers/CMSIS/Device/ST/STM32G4xx/Source/Templates/system_stm32g4xx.c **** /** @addtogroup STM32G4xx_System_Private_Includes
  75:./Src/Drivers/CMSIS/Device/ST/STM32G4xx/Source/Templates/system_stm32g4xx.c ****   * @{
  76:./Src/Drivers/CMSIS/Device/ST/STM32G4xx/Source/Templates/system_stm32g4xx.c ****   */
  77:./Src/Drivers/CMSIS/Device/ST/STM32G4xx/Source/Templates/system_stm32g4xx.c **** 
  78:./Src/Drivers/CMSIS/Device/ST/STM32G4xx/Source/Templates/system_stm32g4xx.c **** #include "stm32g4xx.h"
  79:./Src/Drivers/CMSIS/Device/ST/STM32G4xx/Source/Templates/system_stm32g4xx.c **** 
  80:./Src/Drivers/CMSIS/Device/ST/STM32G4xx/Source/Templates/system_stm32g4xx.c **** #if !defined  (HSE_VALUE)
  81:./Src/Drivers/CMSIS/Device/ST/STM32G4xx/Source/Templates/system_stm32g4xx.c ****   #define HSE_VALUE     24000000U /*!< Value of the External oscillator in Hz */
  82:./Src/Drivers/CMSIS/Device/ST/STM32G4xx/Source/Templates/system_stm32g4xx.c **** #endif /* HSE_VALUE */
  83:./Src/Drivers/CMSIS/Device/ST/STM32G4xx/Source/Templates/system_stm32g4xx.c **** 
  84:./Src/Drivers/CMSIS/Device/ST/STM32G4xx/Source/Templates/system_stm32g4xx.c **** #if !defined  (HSI_VALUE)
  85:./Src/Drivers/CMSIS/Device/ST/STM32G4xx/Source/Templates/system_stm32g4xx.c ****   #define HSI_VALUE    16000000U /*!< Value of the Internal oscillator in Hz*/
  86:./Src/Drivers/CMSIS/Device/ST/STM32G4xx/Source/Templates/system_stm32g4xx.c **** #endif /* HSI_VALUE */
ARM GAS  /tmp/ccvsirLi.s 			page 3


  87:./Src/Drivers/CMSIS/Device/ST/STM32G4xx/Source/Templates/system_stm32g4xx.c **** 
  88:./Src/Drivers/CMSIS/Device/ST/STM32G4xx/Source/Templates/system_stm32g4xx.c **** /**
  89:./Src/Drivers/CMSIS/Device/ST/STM32G4xx/Source/Templates/system_stm32g4xx.c ****   * @}
  90:./Src/Drivers/CMSIS/Device/ST/STM32G4xx/Source/Templates/system_stm32g4xx.c ****   */
  91:./Src/Drivers/CMSIS/Device/ST/STM32G4xx/Source/Templates/system_stm32g4xx.c **** 
  92:./Src/Drivers/CMSIS/Device/ST/STM32G4xx/Source/Templates/system_stm32g4xx.c **** /** @addtogroup STM32G4xx_System_Private_TypesDefinitions
  93:./Src/Drivers/CMSIS/Device/ST/STM32G4xx/Source/Templates/system_stm32g4xx.c ****   * @{
  94:./Src/Drivers/CMSIS/Device/ST/STM32G4xx/Source/Templates/system_stm32g4xx.c ****   */
  95:./Src/Drivers/CMSIS/Device/ST/STM32G4xx/Source/Templates/system_stm32g4xx.c **** 
  96:./Src/Drivers/CMSIS/Device/ST/STM32G4xx/Source/Templates/system_stm32g4xx.c **** /**
  97:./Src/Drivers/CMSIS/Device/ST/STM32G4xx/Source/Templates/system_stm32g4xx.c ****   * @}
  98:./Src/Drivers/CMSIS/Device/ST/STM32G4xx/Source/Templates/system_stm32g4xx.c ****   */
  99:./Src/Drivers/CMSIS/Device/ST/STM32G4xx/Source/Templates/system_stm32g4xx.c **** 
 100:./Src/Drivers/CMSIS/Device/ST/STM32G4xx/Source/Templates/system_stm32g4xx.c **** /** @addtogroup STM32G4xx_System_Private_Defines
 101:./Src/Drivers/CMSIS/Device/ST/STM32G4xx/Source/Templates/system_stm32g4xx.c ****   * @{
 102:./Src/Drivers/CMSIS/Device/ST/STM32G4xx/Source/Templates/system_stm32g4xx.c ****   */
 103:./Src/Drivers/CMSIS/Device/ST/STM32G4xx/Source/Templates/system_stm32g4xx.c **** 
 104:./Src/Drivers/CMSIS/Device/ST/STM32G4xx/Source/Templates/system_stm32g4xx.c **** /************************* Miscellaneous Configuration ************************/
 105:./Src/Drivers/CMSIS/Device/ST/STM32G4xx/Source/Templates/system_stm32g4xx.c **** /* Note: Following vector table addresses must be defined in line with linker
 106:./Src/Drivers/CMSIS/Device/ST/STM32G4xx/Source/Templates/system_stm32g4xx.c ****          configuration. */
 107:./Src/Drivers/CMSIS/Device/ST/STM32G4xx/Source/Templates/system_stm32g4xx.c **** /*!< Uncomment the following line if you need to relocate the vector table
 108:./Src/Drivers/CMSIS/Device/ST/STM32G4xx/Source/Templates/system_stm32g4xx.c ****      anywhere in Flash or Sram, else the vector table is kept at the automatic
 109:./Src/Drivers/CMSIS/Device/ST/STM32G4xx/Source/Templates/system_stm32g4xx.c ****      remap of boot address selected */
 110:./Src/Drivers/CMSIS/Device/ST/STM32G4xx/Source/Templates/system_stm32g4xx.c **** /* #define USER_VECT_TAB_ADDRESS */
 111:./Src/Drivers/CMSIS/Device/ST/STM32G4xx/Source/Templates/system_stm32g4xx.c **** 
 112:./Src/Drivers/CMSIS/Device/ST/STM32G4xx/Source/Templates/system_stm32g4xx.c **** #if defined(USER_VECT_TAB_ADDRESS)
 113:./Src/Drivers/CMSIS/Device/ST/STM32G4xx/Source/Templates/system_stm32g4xx.c **** /*!< Uncomment the following line if you need to relocate your vector Table
 114:./Src/Drivers/CMSIS/Device/ST/STM32G4xx/Source/Templates/system_stm32g4xx.c ****      in Sram else user remap will be done in Flash. */
 115:./Src/Drivers/CMSIS/Device/ST/STM32G4xx/Source/Templates/system_stm32g4xx.c **** /* #define VECT_TAB_SRAM */
 116:./Src/Drivers/CMSIS/Device/ST/STM32G4xx/Source/Templates/system_stm32g4xx.c **** #if defined(VECT_TAB_SRAM)
 117:./Src/Drivers/CMSIS/Device/ST/STM32G4xx/Source/Templates/system_stm32g4xx.c **** #define VECT_TAB_BASE_ADDRESS   SRAM_BASE       /*!< Vector Table base address field.
 118:./Src/Drivers/CMSIS/Device/ST/STM32G4xx/Source/Templates/system_stm32g4xx.c ****                                                      This value must be a multiple of 0x200. */
 119:./Src/Drivers/CMSIS/Device/ST/STM32G4xx/Source/Templates/system_stm32g4xx.c **** #define VECT_TAB_OFFSET         0x00000000U     /*!< Vector Table base offset field.
 120:./Src/Drivers/CMSIS/Device/ST/STM32G4xx/Source/Templates/system_stm32g4xx.c ****                                                      This value must be a multiple of 0x200. */
 121:./Src/Drivers/CMSIS/Device/ST/STM32G4xx/Source/Templates/system_stm32g4xx.c **** #else
 122:./Src/Drivers/CMSIS/Device/ST/STM32G4xx/Source/Templates/system_stm32g4xx.c **** #define VECT_TAB_BASE_ADDRESS   FLASH_BASE      /*!< Vector Table base address field.
 123:./Src/Drivers/CMSIS/Device/ST/STM32G4xx/Source/Templates/system_stm32g4xx.c ****                                                      This value must be a multiple of 0x200. */
 124:./Src/Drivers/CMSIS/Device/ST/STM32G4xx/Source/Templates/system_stm32g4xx.c **** #define VECT_TAB_OFFSET         0x00000000U     /*!< Vector Table base offset field.
 125:./Src/Drivers/CMSIS/Device/ST/STM32G4xx/Source/Templates/system_stm32g4xx.c ****                                                      This value must be a multiple of 0x200. */
 126:./Src/Drivers/CMSIS/Device/ST/STM32G4xx/Source/Templates/system_stm32g4xx.c **** #endif /* VECT_TAB_SRAM */
 127:./Src/Drivers/CMSIS/Device/ST/STM32G4xx/Source/Templates/system_stm32g4xx.c **** #endif /* USER_VECT_TAB_ADDRESS */
 128:./Src/Drivers/CMSIS/Device/ST/STM32G4xx/Source/Templates/system_stm32g4xx.c **** /******************************************************************************/
 129:./Src/Drivers/CMSIS/Device/ST/STM32G4xx/Source/Templates/system_stm32g4xx.c **** /**
 130:./Src/Drivers/CMSIS/Device/ST/STM32G4xx/Source/Templates/system_stm32g4xx.c ****   * @}
 131:./Src/Drivers/CMSIS/Device/ST/STM32G4xx/Source/Templates/system_stm32g4xx.c ****   */
 132:./Src/Drivers/CMSIS/Device/ST/STM32G4xx/Source/Templates/system_stm32g4xx.c **** 
 133:./Src/Drivers/CMSIS/Device/ST/STM32G4xx/Source/Templates/system_stm32g4xx.c **** /** @addtogroup STM32G4xx_System_Private_Macros
 134:./Src/Drivers/CMSIS/Device/ST/STM32G4xx/Source/Templates/system_stm32g4xx.c ****   * @{
 135:./Src/Drivers/CMSIS/Device/ST/STM32G4xx/Source/Templates/system_stm32g4xx.c ****   */
 136:./Src/Drivers/CMSIS/Device/ST/STM32G4xx/Source/Templates/system_stm32g4xx.c **** 
 137:./Src/Drivers/CMSIS/Device/ST/STM32G4xx/Source/Templates/system_stm32g4xx.c **** /**
 138:./Src/Drivers/CMSIS/Device/ST/STM32G4xx/Source/Templates/system_stm32g4xx.c ****   * @}
 139:./Src/Drivers/CMSIS/Device/ST/STM32G4xx/Source/Templates/system_stm32g4xx.c ****   */
 140:./Src/Drivers/CMSIS/Device/ST/STM32G4xx/Source/Templates/system_stm32g4xx.c **** 
 141:./Src/Drivers/CMSIS/Device/ST/STM32G4xx/Source/Templates/system_stm32g4xx.c **** /** @addtogroup STM32G4xx_System_Private_Variables
 142:./Src/Drivers/CMSIS/Device/ST/STM32G4xx/Source/Templates/system_stm32g4xx.c ****   * @{
 143:./Src/Drivers/CMSIS/Device/ST/STM32G4xx/Source/Templates/system_stm32g4xx.c ****   */
ARM GAS  /tmp/ccvsirLi.s 			page 4


 144:./Src/Drivers/CMSIS/Device/ST/STM32G4xx/Source/Templates/system_stm32g4xx.c ****   /* The SystemCoreClock variable is updated in three ways:
 145:./Src/Drivers/CMSIS/Device/ST/STM32G4xx/Source/Templates/system_stm32g4xx.c ****       1) by calling CMSIS function SystemCoreClockUpdate()
 146:./Src/Drivers/CMSIS/Device/ST/STM32G4xx/Source/Templates/system_stm32g4xx.c ****       2) by calling HAL API function HAL_RCC_GetHCLKFreq()
 147:./Src/Drivers/CMSIS/Device/ST/STM32G4xx/Source/Templates/system_stm32g4xx.c ****       3) each time HAL_RCC_ClockConfig() is called to configure the system clock frequency
 148:./Src/Drivers/CMSIS/Device/ST/STM32G4xx/Source/Templates/system_stm32g4xx.c ****          Note: If you use this function to configure the system clock; then there
 149:./Src/Drivers/CMSIS/Device/ST/STM32G4xx/Source/Templates/system_stm32g4xx.c ****                is no need to call the 2 first functions listed above, since SystemCoreClock
 150:./Src/Drivers/CMSIS/Device/ST/STM32G4xx/Source/Templates/system_stm32g4xx.c ****                variable is updated automatically.
 151:./Src/Drivers/CMSIS/Device/ST/STM32G4xx/Source/Templates/system_stm32g4xx.c ****   */
 152:./Src/Drivers/CMSIS/Device/ST/STM32G4xx/Source/Templates/system_stm32g4xx.c ****   uint32_t SystemCoreClock = HSI_VALUE;
 153:./Src/Drivers/CMSIS/Device/ST/STM32G4xx/Source/Templates/system_stm32g4xx.c **** 
 154:./Src/Drivers/CMSIS/Device/ST/STM32G4xx/Source/Templates/system_stm32g4xx.c ****   const uint8_t AHBPrescTable[16] = {0U, 0U, 0U, 0U, 0U, 0U, 0U, 0U, 1U, 2U, 3U, 4U, 6U, 7U, 8U, 9U
 155:./Src/Drivers/CMSIS/Device/ST/STM32G4xx/Source/Templates/system_stm32g4xx.c ****   const uint8_t APBPrescTable[8] =  {0U, 0U, 0U, 0U, 1U, 2U, 3U, 4U};
 156:./Src/Drivers/CMSIS/Device/ST/STM32G4xx/Source/Templates/system_stm32g4xx.c **** 
 157:./Src/Drivers/CMSIS/Device/ST/STM32G4xx/Source/Templates/system_stm32g4xx.c **** /**
 158:./Src/Drivers/CMSIS/Device/ST/STM32G4xx/Source/Templates/system_stm32g4xx.c ****   * @}
 159:./Src/Drivers/CMSIS/Device/ST/STM32G4xx/Source/Templates/system_stm32g4xx.c ****   */
 160:./Src/Drivers/CMSIS/Device/ST/STM32G4xx/Source/Templates/system_stm32g4xx.c **** 
 161:./Src/Drivers/CMSIS/Device/ST/STM32G4xx/Source/Templates/system_stm32g4xx.c **** /** @addtogroup STM32G4xx_System_Private_FunctionPrototypes
 162:./Src/Drivers/CMSIS/Device/ST/STM32G4xx/Source/Templates/system_stm32g4xx.c ****   * @{
 163:./Src/Drivers/CMSIS/Device/ST/STM32G4xx/Source/Templates/system_stm32g4xx.c ****   */
 164:./Src/Drivers/CMSIS/Device/ST/STM32G4xx/Source/Templates/system_stm32g4xx.c **** 
 165:./Src/Drivers/CMSIS/Device/ST/STM32G4xx/Source/Templates/system_stm32g4xx.c **** /**
 166:./Src/Drivers/CMSIS/Device/ST/STM32G4xx/Source/Templates/system_stm32g4xx.c ****   * @}
 167:./Src/Drivers/CMSIS/Device/ST/STM32G4xx/Source/Templates/system_stm32g4xx.c ****   */
 168:./Src/Drivers/CMSIS/Device/ST/STM32G4xx/Source/Templates/system_stm32g4xx.c **** 
 169:./Src/Drivers/CMSIS/Device/ST/STM32G4xx/Source/Templates/system_stm32g4xx.c **** /** @addtogroup STM32G4xx_System_Private_Functions
 170:./Src/Drivers/CMSIS/Device/ST/STM32G4xx/Source/Templates/system_stm32g4xx.c ****   * @{
 171:./Src/Drivers/CMSIS/Device/ST/STM32G4xx/Source/Templates/system_stm32g4xx.c ****   */
 172:./Src/Drivers/CMSIS/Device/ST/STM32G4xx/Source/Templates/system_stm32g4xx.c **** 
 173:./Src/Drivers/CMSIS/Device/ST/STM32G4xx/Source/Templates/system_stm32g4xx.c **** /**
 174:./Src/Drivers/CMSIS/Device/ST/STM32G4xx/Source/Templates/system_stm32g4xx.c ****   * @brief  Setup the microcontroller system.
 175:./Src/Drivers/CMSIS/Device/ST/STM32G4xx/Source/Templates/system_stm32g4xx.c ****   * @param  None
 176:./Src/Drivers/CMSIS/Device/ST/STM32G4xx/Source/Templates/system_stm32g4xx.c ****   * @retval None
 177:./Src/Drivers/CMSIS/Device/ST/STM32G4xx/Source/Templates/system_stm32g4xx.c ****   */
 178:./Src/Drivers/CMSIS/Device/ST/STM32G4xx/Source/Templates/system_stm32g4xx.c **** 
 179:./Src/Drivers/CMSIS/Device/ST/STM32G4xx/Source/Templates/system_stm32g4xx.c **** void SystemInit(void)
 180:./Src/Drivers/CMSIS/Device/ST/STM32G4xx/Source/Templates/system_stm32g4xx.c **** {
  30              		.loc 1 180 1 view -0
  31              		.cfi_startproc
  32              		@ args = 0, pretend = 0, frame = 0
  33              		@ frame_needed = 0, uses_anonymous_args = 0
  34              		@ link register save eliminated.
 181:./Src/Drivers/CMSIS/Device/ST/STM32G4xx/Source/Templates/system_stm32g4xx.c ****   /* FPU settings ------------------------------------------------------------*/
 182:./Src/Drivers/CMSIS/Device/ST/STM32G4xx/Source/Templates/system_stm32g4xx.c ****   #if (__FPU_PRESENT == 1) && (__FPU_USED == 1)
 183:./Src/Drivers/CMSIS/Device/ST/STM32G4xx/Source/Templates/system_stm32g4xx.c ****     SCB->CPACR |= ((3UL << (10*2))|(3UL << (11*2)));  /* set CP10 and CP11 Full Access */
  35              		.loc 1 183 5 view .LVU1
  36              		.loc 1 183 10 is_stmt 0 view .LVU2
  37 0000 034A     		ldr	r2, .L2
  38 0002 D2F88830 		ldr	r3, [r2, #136]
  39              		.loc 1 183 16 view .LVU3
  40 0006 43F47003 		orr	r3, r3, #15728640
  41 000a C2F88830 		str	r3, [r2, #136]
 184:./Src/Drivers/CMSIS/Device/ST/STM32G4xx/Source/Templates/system_stm32g4xx.c ****   #endif
 185:./Src/Drivers/CMSIS/Device/ST/STM32G4xx/Source/Templates/system_stm32g4xx.c **** 
 186:./Src/Drivers/CMSIS/Device/ST/STM32G4xx/Source/Templates/system_stm32g4xx.c ****   /* Configure the Vector Table location add offset address ------------------*/
 187:./Src/Drivers/CMSIS/Device/ST/STM32G4xx/Source/Templates/system_stm32g4xx.c **** #if defined(USER_VECT_TAB_ADDRESS)
 188:./Src/Drivers/CMSIS/Device/ST/STM32G4xx/Source/Templates/system_stm32g4xx.c ****   SCB->VTOR = VECT_TAB_BASE_ADDRESS | VECT_TAB_OFFSET; /* Vector Table Relocation in Internal SRAM 
ARM GAS  /tmp/ccvsirLi.s 			page 5


 189:./Src/Drivers/CMSIS/Device/ST/STM32G4xx/Source/Templates/system_stm32g4xx.c **** #endif /* USER_VECT_TAB_ADDRESS */
 190:./Src/Drivers/CMSIS/Device/ST/STM32G4xx/Source/Templates/system_stm32g4xx.c **** }
  42              		.loc 1 190 1 view .LVU4
  43 000e 7047     		bx	lr
  44              	.L3:
  45              		.align	2
  46              	.L2:
  47 0010 00ED00E0 		.word	-536810240
  48              		.cfi_endproc
  49              	.LFE132:
  50              		.cantunwind
  51              		.fnend
  53              		.section	.text.SystemCoreClockUpdate,"ax",%progbits
  54              		.align	1
  55              		.global	SystemCoreClockUpdate
  56              		.syntax unified
  57              		.thumb
  58              		.thumb_func
  60              	SystemCoreClockUpdate:
  61              		.fnstart
  62              	.LFB133:
 191:./Src/Drivers/CMSIS/Device/ST/STM32G4xx/Source/Templates/system_stm32g4xx.c **** 
 192:./Src/Drivers/CMSIS/Device/ST/STM32G4xx/Source/Templates/system_stm32g4xx.c **** /**
 193:./Src/Drivers/CMSIS/Device/ST/STM32G4xx/Source/Templates/system_stm32g4xx.c ****   * @brief  Update SystemCoreClock variable according to Clock Register Values.
 194:./Src/Drivers/CMSIS/Device/ST/STM32G4xx/Source/Templates/system_stm32g4xx.c ****   *         The SystemCoreClock variable contains the core clock (HCLK), it can
 195:./Src/Drivers/CMSIS/Device/ST/STM32G4xx/Source/Templates/system_stm32g4xx.c ****   *         be used by the user application to setup the SysTick timer or configure
 196:./Src/Drivers/CMSIS/Device/ST/STM32G4xx/Source/Templates/system_stm32g4xx.c ****   *         other parameters.
 197:./Src/Drivers/CMSIS/Device/ST/STM32G4xx/Source/Templates/system_stm32g4xx.c ****   *
 198:./Src/Drivers/CMSIS/Device/ST/STM32G4xx/Source/Templates/system_stm32g4xx.c ****   * @note   Each time the core clock (HCLK) changes, this function must be called
 199:./Src/Drivers/CMSIS/Device/ST/STM32G4xx/Source/Templates/system_stm32g4xx.c ****   *         to update SystemCoreClock variable value. Otherwise, any configuration
 200:./Src/Drivers/CMSIS/Device/ST/STM32G4xx/Source/Templates/system_stm32g4xx.c ****   *         based on this variable will be incorrect.
 201:./Src/Drivers/CMSIS/Device/ST/STM32G4xx/Source/Templates/system_stm32g4xx.c ****   *
 202:./Src/Drivers/CMSIS/Device/ST/STM32G4xx/Source/Templates/system_stm32g4xx.c ****   * @note   - The system frequency computed by this function is not the real
 203:./Src/Drivers/CMSIS/Device/ST/STM32G4xx/Source/Templates/system_stm32g4xx.c ****   *           frequency in the chip. It is calculated based on the predefined
 204:./Src/Drivers/CMSIS/Device/ST/STM32G4xx/Source/Templates/system_stm32g4xx.c ****   *           constant and the selected clock source:
 205:./Src/Drivers/CMSIS/Device/ST/STM32G4xx/Source/Templates/system_stm32g4xx.c ****   *
 206:./Src/Drivers/CMSIS/Device/ST/STM32G4xx/Source/Templates/system_stm32g4xx.c ****   *           - If SYSCLK source is HSI, SystemCoreClock will contain the HSI_VALUE(**)
 207:./Src/Drivers/CMSIS/Device/ST/STM32G4xx/Source/Templates/system_stm32g4xx.c ****   *
 208:./Src/Drivers/CMSIS/Device/ST/STM32G4xx/Source/Templates/system_stm32g4xx.c ****   *           - If SYSCLK source is HSE, SystemCoreClock will contain the HSE_VALUE(***)
 209:./Src/Drivers/CMSIS/Device/ST/STM32G4xx/Source/Templates/system_stm32g4xx.c ****   *
 210:./Src/Drivers/CMSIS/Device/ST/STM32G4xx/Source/Templates/system_stm32g4xx.c ****   *           - If SYSCLK source is PLL, SystemCoreClock will contain the HSE_VALUE(***)
 211:./Src/Drivers/CMSIS/Device/ST/STM32G4xx/Source/Templates/system_stm32g4xx.c ****   *             or HSI_VALUE(*) multiplied/divided by the PLL factors.
 212:./Src/Drivers/CMSIS/Device/ST/STM32G4xx/Source/Templates/system_stm32g4xx.c ****   *
 213:./Src/Drivers/CMSIS/Device/ST/STM32G4xx/Source/Templates/system_stm32g4xx.c ****   *         (**) HSI_VALUE is a constant defined in stm32g4xx_hal.h file (default value
 214:./Src/Drivers/CMSIS/Device/ST/STM32G4xx/Source/Templates/system_stm32g4xx.c ****   *              16 MHz) but the real value may vary depending on the variations
 215:./Src/Drivers/CMSIS/Device/ST/STM32G4xx/Source/Templates/system_stm32g4xx.c ****   *              in voltage and temperature.
 216:./Src/Drivers/CMSIS/Device/ST/STM32G4xx/Source/Templates/system_stm32g4xx.c ****   *
 217:./Src/Drivers/CMSIS/Device/ST/STM32G4xx/Source/Templates/system_stm32g4xx.c ****   *         (***) HSE_VALUE is a constant defined in stm32g4xx_hal.h file (default value
 218:./Src/Drivers/CMSIS/Device/ST/STM32G4xx/Source/Templates/system_stm32g4xx.c ****   *              24 MHz), user has to ensure that HSE_VALUE is same as the real
 219:./Src/Drivers/CMSIS/Device/ST/STM32G4xx/Source/Templates/system_stm32g4xx.c ****   *              frequency of the crystal used. Otherwise, this function may
 220:./Src/Drivers/CMSIS/Device/ST/STM32G4xx/Source/Templates/system_stm32g4xx.c ****   *              have wrong result.
 221:./Src/Drivers/CMSIS/Device/ST/STM32G4xx/Source/Templates/system_stm32g4xx.c ****   *
 222:./Src/Drivers/CMSIS/Device/ST/STM32G4xx/Source/Templates/system_stm32g4xx.c ****   *         - The result of this function could be not correct when using fractional
 223:./Src/Drivers/CMSIS/Device/ST/STM32G4xx/Source/Templates/system_stm32g4xx.c ****   *           value for HSE crystal.
 224:./Src/Drivers/CMSIS/Device/ST/STM32G4xx/Source/Templates/system_stm32g4xx.c ****   *
 225:./Src/Drivers/CMSIS/Device/ST/STM32G4xx/Source/Templates/system_stm32g4xx.c ****   * @param  None
 226:./Src/Drivers/CMSIS/Device/ST/STM32G4xx/Source/Templates/system_stm32g4xx.c ****   * @retval None
ARM GAS  /tmp/ccvsirLi.s 			page 6


 227:./Src/Drivers/CMSIS/Device/ST/STM32G4xx/Source/Templates/system_stm32g4xx.c ****   */
 228:./Src/Drivers/CMSIS/Device/ST/STM32G4xx/Source/Templates/system_stm32g4xx.c **** void SystemCoreClockUpdate(void)
 229:./Src/Drivers/CMSIS/Device/ST/STM32G4xx/Source/Templates/system_stm32g4xx.c **** {
  63              		.loc 1 229 1 is_stmt 1 view -0
  64              		.cfi_startproc
  65              		@ args = 0, pretend = 0, frame = 0
  66              		@ frame_needed = 0, uses_anonymous_args = 0
 230:./Src/Drivers/CMSIS/Device/ST/STM32G4xx/Source/Templates/system_stm32g4xx.c ****   uint32_t tmp, pllvco, pllr, pllsource, pllm;
  67              		.loc 1 230 3 view .LVU6
 231:./Src/Drivers/CMSIS/Device/ST/STM32G4xx/Source/Templates/system_stm32g4xx.c **** 
 232:./Src/Drivers/CMSIS/Device/ST/STM32G4xx/Source/Templates/system_stm32g4xx.c ****   /* Get SYSCLK source -------------------------------------------------------*/
 233:./Src/Drivers/CMSIS/Device/ST/STM32G4xx/Source/Templates/system_stm32g4xx.c ****   switch (RCC->CFGR & RCC_CFGR_SWS)
  68              		.loc 1 233 3 view .LVU7
  69              		.loc 1 233 16 is_stmt 0 view .LVU8
  70 0000 1848     		ldr	r0, .L12
  71 0002 8368     		ldr	r3, [r0, #8]
  72              		.loc 1 233 21 view .LVU9
  73 0004 03F00C03 		and	r3, r3, #12
  74              		.loc 1 233 3 view .LVU10
  75 0008 082B     		cmp	r3, #8
 229:./Src/Drivers/CMSIS/Device/ST/STM32G4xx/Source/Templates/system_stm32g4xx.c ****   uint32_t tmp, pllvco, pllr, pllsource, pllm;
  76              		.loc 1 229 1 view .LVU11
  77 000a 10B5     		push	{r4, lr}
  78              	.LCFI0:
  79              		.cfi_def_cfa_offset 8
  80              		.cfi_offset 4, -8
  81              		.cfi_offset 14, -4
  82 000c 164C     		ldr	r4, .L12+4
  83              		.loc 1 233 3 view .LVU12
  84 000e 0ED0     		beq	.L5
  85 0010 0C2B     		cmp	r3, #12
  86 0012 0ED0     		beq	.L6
  87 0014 042B     		cmp	r3, #4
  88 0016 01D1     		bne	.L7
 234:./Src/Drivers/CMSIS/Device/ST/STM32G4xx/Source/Templates/system_stm32g4xx.c ****   {
 235:./Src/Drivers/CMSIS/Device/ST/STM32G4xx/Source/Templates/system_stm32g4xx.c ****     case 0x04:  /* HSI used as system clock source */
  89              		.loc 1 235 5 is_stmt 1 view .LVU13
 236:./Src/Drivers/CMSIS/Device/ST/STM32G4xx/Source/Templates/system_stm32g4xx.c ****       SystemCoreClock = HSI_VALUE;
  90              		.loc 1 236 7 view .LVU14
  91              		.loc 1 236 23 is_stmt 0 view .LVU15
  92 0018 144B     		ldr	r3, .L12+8
  93              	.L11:
 237:./Src/Drivers/CMSIS/Device/ST/STM32G4xx/Source/Templates/system_stm32g4xx.c ****       break;
 238:./Src/Drivers/CMSIS/Device/ST/STM32G4xx/Source/Templates/system_stm32g4xx.c **** 
 239:./Src/Drivers/CMSIS/Device/ST/STM32G4xx/Source/Templates/system_stm32g4xx.c ****     case 0x08:  /* HSE used as system clock source */
 240:./Src/Drivers/CMSIS/Device/ST/STM32G4xx/Source/Templates/system_stm32g4xx.c ****       SystemCoreClock = HSE_VALUE;
 241:./Src/Drivers/CMSIS/Device/ST/STM32G4xx/Source/Templates/system_stm32g4xx.c ****       break;
 242:./Src/Drivers/CMSIS/Device/ST/STM32G4xx/Source/Templates/system_stm32g4xx.c **** 
 243:./Src/Drivers/CMSIS/Device/ST/STM32G4xx/Source/Templates/system_stm32g4xx.c ****     case 0x0C:  /* PLL used as system clock  source */
 244:./Src/Drivers/CMSIS/Device/ST/STM32G4xx/Source/Templates/system_stm32g4xx.c ****       /* PLL_VCO = (HSE_VALUE or HSI_VALUE / PLLM) * PLLN
 245:./Src/Drivers/CMSIS/Device/ST/STM32G4xx/Source/Templates/system_stm32g4xx.c ****          SYSCLK = PLL_VCO / PLLR
 246:./Src/Drivers/CMSIS/Device/ST/STM32G4xx/Source/Templates/system_stm32g4xx.c ****          */
 247:./Src/Drivers/CMSIS/Device/ST/STM32G4xx/Source/Templates/system_stm32g4xx.c ****       pllsource = (RCC->PLLCFGR & RCC_PLLCFGR_PLLSRC);
 248:./Src/Drivers/CMSIS/Device/ST/STM32G4xx/Source/Templates/system_stm32g4xx.c ****       pllm = ((RCC->PLLCFGR & RCC_PLLCFGR_PLLM) >> 4) + 1U ;
 249:./Src/Drivers/CMSIS/Device/ST/STM32G4xx/Source/Templates/system_stm32g4xx.c ****       if (pllsource == 0x02UL) /* HSI used as PLL clock source */
 250:./Src/Drivers/CMSIS/Device/ST/STM32G4xx/Source/Templates/system_stm32g4xx.c ****       {
 251:./Src/Drivers/CMSIS/Device/ST/STM32G4xx/Source/Templates/system_stm32g4xx.c ****         pllvco = (HSI_VALUE / pllm);
ARM GAS  /tmp/ccvsirLi.s 			page 7


 252:./Src/Drivers/CMSIS/Device/ST/STM32G4xx/Source/Templates/system_stm32g4xx.c ****       }
 253:./Src/Drivers/CMSIS/Device/ST/STM32G4xx/Source/Templates/system_stm32g4xx.c ****       else                   /* HSE used as PLL clock source */
 254:./Src/Drivers/CMSIS/Device/ST/STM32G4xx/Source/Templates/system_stm32g4xx.c ****       {
 255:./Src/Drivers/CMSIS/Device/ST/STM32G4xx/Source/Templates/system_stm32g4xx.c ****         pllvco = (HSE_VALUE / pllm);
 256:./Src/Drivers/CMSIS/Device/ST/STM32G4xx/Source/Templates/system_stm32g4xx.c ****       }
 257:./Src/Drivers/CMSIS/Device/ST/STM32G4xx/Source/Templates/system_stm32g4xx.c ****       pllvco = pllvco * ((RCC->PLLCFGR & RCC_PLLCFGR_PLLN) >> 8);
 258:./Src/Drivers/CMSIS/Device/ST/STM32G4xx/Source/Templates/system_stm32g4xx.c ****       pllr = (((RCC->PLLCFGR & RCC_PLLCFGR_PLLR) >> 25) + 1U) * 2U;
 259:./Src/Drivers/CMSIS/Device/ST/STM32G4xx/Source/Templates/system_stm32g4xx.c ****       SystemCoreClock = pllvco/pllr;
  94              		.loc 1 259 23 view .LVU16
  95 001a 2360     		str	r3, [r4]
 260:./Src/Drivers/CMSIS/Device/ST/STM32G4xx/Source/Templates/system_stm32g4xx.c ****       break;
  96              		.loc 1 260 7 is_stmt 1 view .LVU17
  97              	.L7:
 261:./Src/Drivers/CMSIS/Device/ST/STM32G4xx/Source/Templates/system_stm32g4xx.c **** 
 262:./Src/Drivers/CMSIS/Device/ST/STM32G4xx/Source/Templates/system_stm32g4xx.c ****     default:
 263:./Src/Drivers/CMSIS/Device/ST/STM32G4xx/Source/Templates/system_stm32g4xx.c ****       break;
 264:./Src/Drivers/CMSIS/Device/ST/STM32G4xx/Source/Templates/system_stm32g4xx.c ****   }
 265:./Src/Drivers/CMSIS/Device/ST/STM32G4xx/Source/Templates/system_stm32g4xx.c ****   /* Compute HCLK clock frequency --------------------------------------------*/
 266:./Src/Drivers/CMSIS/Device/ST/STM32G4xx/Source/Templates/system_stm32g4xx.c ****   /* Get HCLK prescaler */
 267:./Src/Drivers/CMSIS/Device/ST/STM32G4xx/Source/Templates/system_stm32g4xx.c ****   tmp = AHBPrescTable[((RCC->CFGR & RCC_CFGR_HPRE) >> 4)];
  98              		.loc 1 267 3 view .LVU18
  99              		.loc 1 267 30 is_stmt 0 view .LVU19
 100 001c 8368     		ldr	r3, [r0, #8]
 101              	.LVL0:
 268:./Src/Drivers/CMSIS/Device/ST/STM32G4xx/Source/Templates/system_stm32g4xx.c ****   /* HCLK clock frequency */
 269:./Src/Drivers/CMSIS/Device/ST/STM32G4xx/Source/Templates/system_stm32g4xx.c ****   SystemCoreClock >>= tmp;
 102              		.loc 1 269 3 is_stmt 1 view .LVU20
 267:./Src/Drivers/CMSIS/Device/ST/STM32G4xx/Source/Templates/system_stm32g4xx.c ****   /* HCLK clock frequency */
 103              		.loc 1 267 7 is_stmt 0 view .LVU21
 104 001e 144A     		ldr	r2, .L12+12
 267:./Src/Drivers/CMSIS/Device/ST/STM32G4xx/Source/Templates/system_stm32g4xx.c ****   /* HCLK clock frequency */
 105              		.loc 1 267 52 view .LVU22
 106 0020 C3F30313 		ubfx	r3, r3, #4, #4
 107              	.LVL1:
 267:./Src/Drivers/CMSIS/Device/ST/STM32G4xx/Source/Templates/system_stm32g4xx.c ****   /* HCLK clock frequency */
 108              		.loc 1 267 7 view .LVU23
 109 0024 D25C     		ldrb	r2, [r2, r3]	@ zero_extendqisi2
 110              		.loc 1 269 19 view .LVU24
 111 0026 2368     		ldr	r3, [r4]
 112 0028 D340     		lsrs	r3, r3, r2
 113 002a 2360     		str	r3, [r4]
 270:./Src/Drivers/CMSIS/Device/ST/STM32G4xx/Source/Templates/system_stm32g4xx.c **** }
 114              		.loc 1 270 1 view .LVU25
 115 002c 10BD     		pop	{r4, pc}
 116              	.LVL2:
 117              	.L5:
 239:./Src/Drivers/CMSIS/Device/ST/STM32G4xx/Source/Templates/system_stm32g4xx.c ****       SystemCoreClock = HSE_VALUE;
 118              		.loc 1 239 5 is_stmt 1 view .LVU26
 240:./Src/Drivers/CMSIS/Device/ST/STM32G4xx/Source/Templates/system_stm32g4xx.c ****       break;
 119              		.loc 1 240 7 view .LVU27
 240:./Src/Drivers/CMSIS/Device/ST/STM32G4xx/Source/Templates/system_stm32g4xx.c ****       break;
 120              		.loc 1 240 23 is_stmt 0 view .LVU28
 121 002e 114B     		ldr	r3, .L12+16
 122 0030 F3E7     		b	.L11
 123              	.L6:
 243:./Src/Drivers/CMSIS/Device/ST/STM32G4xx/Source/Templates/system_stm32g4xx.c ****       /* PLL_VCO = (HSE_VALUE or HSI_VALUE / PLLM) * PLLN
 124              		.loc 1 243 5 is_stmt 1 view .LVU29
ARM GAS  /tmp/ccvsirLi.s 			page 8


 247:./Src/Drivers/CMSIS/Device/ST/STM32G4xx/Source/Templates/system_stm32g4xx.c ****       pllm = ((RCC->PLLCFGR & RCC_PLLCFGR_PLLM) >> 4) + 1U ;
 125              		.loc 1 247 7 view .LVU30
 247:./Src/Drivers/CMSIS/Device/ST/STM32G4xx/Source/Templates/system_stm32g4xx.c ****       pllm = ((RCC->PLLCFGR & RCC_PLLCFGR_PLLM) >> 4) + 1U ;
 126              		.loc 1 247 25 is_stmt 0 view .LVU31
 127 0032 C268     		ldr	r2, [r0, #12]
 128              	.LVL3:
 248:./Src/Drivers/CMSIS/Device/ST/STM32G4xx/Source/Templates/system_stm32g4xx.c ****       if (pllsource == 0x02UL) /* HSI used as PLL clock source */
 129              		.loc 1 248 7 is_stmt 1 view .LVU32
 248:./Src/Drivers/CMSIS/Device/ST/STM32G4xx/Source/Templates/system_stm32g4xx.c ****       if (pllsource == 0x02UL) /* HSI used as PLL clock source */
 130              		.loc 1 248 21 is_stmt 0 view .LVU33
 131 0034 C368     		ldr	r3, [r0, #12]
 247:./Src/Drivers/CMSIS/Device/ST/STM32G4xx/Source/Templates/system_stm32g4xx.c ****       pllm = ((RCC->PLLCFGR & RCC_PLLCFGR_PLLM) >> 4) + 1U ;
 132              		.loc 1 247 17 view .LVU34
 133 0036 02F00302 		and	r2, r2, #3
 134              	.LVL4:
 249:./Src/Drivers/CMSIS/Device/ST/STM32G4xx/Source/Templates/system_stm32g4xx.c ****       {
 135              		.loc 1 249 7 view .LVU35
 136 003a 022A     		cmp	r2, #2
 248:./Src/Drivers/CMSIS/Device/ST/STM32G4xx/Source/Templates/system_stm32g4xx.c ****       if (pllsource == 0x02UL) /* HSI used as PLL clock source */
 137              		.loc 1 248 49 view .LVU36
 138 003c C3F30313 		ubfx	r3, r3, #4, #4
 251:./Src/Drivers/CMSIS/Device/ST/STM32G4xx/Source/Templates/system_stm32g4xx.c ****       }
 139              		.loc 1 251 16 view .LVU37
 140 0040 0CBF     		ite	eq
 141 0042 0A4A     		ldreq	r2, .L12+8
 142              	.LVL5:
 255:./Src/Drivers/CMSIS/Device/ST/STM32G4xx/Source/Templates/system_stm32g4xx.c ****       }
 143              		.loc 1 255 16 view .LVU38
 144 0044 0B4A     		ldrne	r2, .L12+16
 248:./Src/Drivers/CMSIS/Device/ST/STM32G4xx/Source/Templates/system_stm32g4xx.c ****       if (pllsource == 0x02UL) /* HSI used as PLL clock source */
 145              		.loc 1 248 12 view .LVU39
 146 0046 0133     		adds	r3, r3, #1
 147              	.LVL6:
 249:./Src/Drivers/CMSIS/Device/ST/STM32G4xx/Source/Templates/system_stm32g4xx.c ****       {
 148              		.loc 1 249 7 is_stmt 1 view .LVU40
 251:./Src/Drivers/CMSIS/Device/ST/STM32G4xx/Source/Templates/system_stm32g4xx.c ****       }
 149              		.loc 1 251 9 view .LVU41
 255:./Src/Drivers/CMSIS/Device/ST/STM32G4xx/Source/Templates/system_stm32g4xx.c ****       }
 150              		.loc 1 255 9 view .LVU42
 255:./Src/Drivers/CMSIS/Device/ST/STM32G4xx/Source/Templates/system_stm32g4xx.c ****       }
 151              		.loc 1 255 16 is_stmt 0 view .LVU43
 152 0048 B2FBF3F3 		udiv	r3, r2, r3
 153              	.LVL7:
 257:./Src/Drivers/CMSIS/Device/ST/STM32G4xx/Source/Templates/system_stm32g4xx.c ****       pllr = (((RCC->PLLCFGR & RCC_PLLCFGR_PLLR) >> 25) + 1U) * 2U;
 154              		.loc 1 257 7 is_stmt 1 view .LVU44
 257:./Src/Drivers/CMSIS/Device/ST/STM32G4xx/Source/Templates/system_stm32g4xx.c ****       pllr = (((RCC->PLLCFGR & RCC_PLLCFGR_PLLR) >> 25) + 1U) * 2U;
 155              		.loc 1 257 32 is_stmt 0 view .LVU45
 156 004c C268     		ldr	r2, [r0, #12]
 157              	.LVL8:
 258:./Src/Drivers/CMSIS/Device/ST/STM32G4xx/Source/Templates/system_stm32g4xx.c ****       SystemCoreClock = pllvco/pllr;
 158              		.loc 1 258 7 is_stmt 1 view .LVU46
 258:./Src/Drivers/CMSIS/Device/ST/STM32G4xx/Source/Templates/system_stm32g4xx.c ****       SystemCoreClock = pllvco/pllr;
 159              		.loc 1 258 22 is_stmt 0 view .LVU47
 160 004e C168     		ldr	r1, [r0, #12]
 161              	.LVL9:
 259:./Src/Drivers/CMSIS/Device/ST/STM32G4xx/Source/Templates/system_stm32g4xx.c ****       break;
 162              		.loc 1 259 7 is_stmt 1 view .LVU48
ARM GAS  /tmp/ccvsirLi.s 			page 9


 257:./Src/Drivers/CMSIS/Device/ST/STM32G4xx/Source/Templates/system_stm32g4xx.c ****       pllr = (((RCC->PLLCFGR & RCC_PLLCFGR_PLLR) >> 25) + 1U) * 2U;
 163              		.loc 1 257 60 is_stmt 0 view .LVU49
 164 0050 C2F30622 		ubfx	r2, r2, #8, #7
 165              	.LVL10:
 257:./Src/Drivers/CMSIS/Device/ST/STM32G4xx/Source/Templates/system_stm32g4xx.c ****       pllr = (((RCC->PLLCFGR & RCC_PLLCFGR_PLLR) >> 25) + 1U) * 2U;
 166              		.loc 1 257 14 view .LVU50
 167 0054 5343     		muls	r3, r2, r3
 258:./Src/Drivers/CMSIS/Device/ST/STM32G4xx/Source/Templates/system_stm32g4xx.c ****       SystemCoreClock = pllvco/pllr;
 168              		.loc 1 258 50 view .LVU51
 169 0056 C1F34162 		ubfx	r2, r1, #25, #2
 258:./Src/Drivers/CMSIS/Device/ST/STM32G4xx/Source/Templates/system_stm32g4xx.c ****       SystemCoreClock = pllvco/pllr;
 170              		.loc 1 258 57 view .LVU52
 171 005a 0132     		adds	r2, r2, #1
 258:./Src/Drivers/CMSIS/Device/ST/STM32G4xx/Source/Templates/system_stm32g4xx.c ****       SystemCoreClock = pllvco/pllr;
 172              		.loc 1 258 12 view .LVU53
 173 005c 5200     		lsls	r2, r2, #1
 259:./Src/Drivers/CMSIS/Device/ST/STM32G4xx/Source/Templates/system_stm32g4xx.c ****       break;
 174              		.loc 1 259 31 view .LVU54
 175 005e B3FBF2F3 		udiv	r3, r3, r2
 176 0062 DAE7     		b	.L11
 177              	.L13:
 178              		.align	2
 179              	.L12:
 180 0064 00100240 		.word	1073876992
 181 0068 00000000 		.word	SystemCoreClock
 182 006c 0024F400 		.word	16000000
 183 0070 00000000 		.word	AHBPrescTable
 184 0074 00366E01 		.word	24000000
 185              		.cfi_endproc
 186              	.LFE133:
 187              		.cantunwind
 188              		.fnend
 190              		.global	APBPrescTable
 191              		.section	.rodata.APBPrescTable,"a"
 194              	APBPrescTable:
 195 0000 00000000 		.ascii	"\000\000\000\000\001\002\003\004"
 195      01020304 
 196              		.global	AHBPrescTable
 197              		.section	.rodata.AHBPrescTable,"a"
 200              	AHBPrescTable:
 201 0000 00000000 		.ascii	"\000\000\000\000\000\000\000\000\001\002\003\004\006"
 201      00000000 
 201      01020304 
 201      06
 202 000d 070809   		.ascii	"\007\010\011"
 203              		.global	SystemCoreClock
 204              		.section	.data.SystemCoreClock,"aw"
 205              		.align	2
 208              	SystemCoreClock:
 209 0000 0024F400 		.word	16000000
 210              		.text
 211              	.Letext0:
 212              		.file 2 "/usr/arm-none-eabi/include/machine/_default_types.h"
 213              		.file 3 "/usr/arm-none-eabi/include/sys/_stdint.h"
 214              		.file 4 "./Src/Drivers/CMSIS/Core/Include/core_cm4.h"
 215              		.file 5 "./Src/Drivers/CMSIS/Device/ST/STM32G4xx/Include/system_stm32g4xx.h"
 216              		.file 6 "./Src/Drivers/CMSIS/Device/ST/STM32G4xx/Include/stm32g474xx.h"
ARM GAS  /tmp/ccvsirLi.s 			page 10


 217              		.file 7 "./Src/Drivers/CMSIS/Device/ST/STM32G4xx/Include/stm32g4xx.h"
ARM GAS  /tmp/ccvsirLi.s 			page 11


DEFINED SYMBOLS
                            *ABS*:00000000 system_stm32g4xx.c
     /tmp/ccvsirLi.s:21     .text.SystemInit:00000000 $t
     /tmp/ccvsirLi.s:27     .text.SystemInit:00000000 SystemInit
     /tmp/ccvsirLi.s:47     .text.SystemInit:00000010 $d
       .ARM.exidx.text.SystemInit:00000000 $d
     /tmp/ccvsirLi.s:54     .text.SystemCoreClockUpdate:00000000 $t
     /tmp/ccvsirLi.s:60     .text.SystemCoreClockUpdate:00000000 SystemCoreClockUpdate
     /tmp/ccvsirLi.s:180    .text.SystemCoreClockUpdate:00000064 $d
     /tmp/ccvsirLi.s:208    .data.SystemCoreClock:00000000 SystemCoreClock
     /tmp/ccvsirLi.s:200    .rodata.AHBPrescTable:00000000 AHBPrescTable
.ARM.exidx.text.SystemCoreClockUpdate:00000000 $d
     /tmp/ccvsirLi.s:194    .rodata.APBPrescTable:00000000 APBPrescTable
     /tmp/ccvsirLi.s:205    .data.SystemCoreClock:00000000 $d

NO UNDEFINED SYMBOLS
